<?xml version="1.0" encoding="UTF-8"?>
<testsuites name="Senior_Sign_Up_Type" time="505.233" tests="5" failures="1" errors="0">
   <testsuite name="Senior_Sign_Up_Type" tests="5" failures="1" errors="0" time="505.233" skipped="0" timestamp="2023-10-31 15:44:37" hostname="PalakGupta - LININDAUG23-266.bbrouter" id="Test Suites/Senior_Sign_Up_Type">
      <properties>
         <property name="deviceName" value=""/>
         <property name="devicePlatform" value=""/>
         <property name="logFolder" value="C:\\Users\\PalakGupta\\git\\CaringConnection\\Reports\\20231031_154435\\Senior_Sign_Up_Type\\20231031_154435"/>
         <property name="logFiles" value="C:\\Users\\PalakGupta\\git\\CaringConnection\\Reports\\20231031_154435\\Senior_Sign_Up_Type\\20231031_154435\\execution0.log"/>
         <property name="attachments" value="C:\\Users\\PalakGupta\\git\\CaringConnection\\Reports\\20231031_154435\\Senior_Sign_Up_Type\\20231031_154435\\1698747284059.png, C:\\Users\\PalakGupta\\git\\CaringConnection\\Reports\\20231031_154435\\Senior_Sign_Up_Type\\20231031_154435\\1698747289217.png, C:\\Users\\PalakGupta\\git\\CaringConnection\\Reports\\20231031_154435\\Senior_Sign_Up_Type\\20231031_154435\\1698747294698.png, C:\\Users\\PalakGupta\\git\\CaringConnection\\Reports\\20231031_154435\\Senior_Sign_Up_Type\\20231031_154435\\1698747299766.png"/>
         <property name="hostName" value="PalakGupta - LININDAUG23-266.bbrouter"/>
         <property name="os" value="Windows 11 64bit"/>
         <property name="katalonVersion" value="8.6.8.208"/>
         <property name="browser" value="Chrome 118.0.0.0"/>
         <property name="hostAddress" value="192.168.1.7"/>
         <property name="sessionId" value="1ab93be2f781686fa88c124c5b6afe56"/>
         <property name="seleniumVersion" value="3.141.59"/>
         <property name="proxyInformation" value="ProxyInformation { proxyOption=NO_PROXY, proxyServerType=HTTP, username=, password=********, proxyServerAddress=, proxyServerPort=0, executionList=&quot;&quot;, isApplyToDesiredCapabilities=true }"/>
         <property name="platform" value="Windows 11"/>
      </properties>
      <testcase name="Test Cases/Senior_Sign_up_Type" time="5.055" classname="Test Cases/Senior_Sign_up_Type" status="FAILED">
         <failure type="FAILED" message="Test Cases/Senior_Sign_up_Type FAILED.
Reason:
com.kms.katalon.core.exception.StepFailedException: Unable to select option by value 'Senior ' of object 'Object Repository/Login_Page/Login_Page_Objects/Select_Role' 
	at com.kms.katalon.core.webui.keyword.internal.WebUIKeywordMain.stepFailed(WebUIKeywordMain.groovy:64)
	at com.kms.katalon.core.webui.keyword.internal.WebUIKeywordMain.runKeyword(WebUIKeywordMain.groovy:26)
	at com.kms.katalon.core.webui.keyword.builtin.SelectOptionByValueKeyword.selectOptionByValue(SelectOptionByValueKeyword.groovy:99)
	at com.kms.katalon.core.webui.keyword.builtin.SelectOptionByValueKeyword.execute(SelectOptionByValueKeyword.groovy:71)
	at com.kms.katalon.core.keyword.internal.KeywordExecutor.executeKeywordForPlatform(KeywordExecutor.groovy:74)
	at com.kms.katalon.core.webui.keyword.WebUiBuiltInKeywords.selectOptionByValue(WebUiBuiltInKeywords.groovy:1168)
	at com.kms.katalon.core.webui.keyword.WebUiBuiltInKeywords$selectOptionByValue$1.call(Unknown Source)
	at Senior_Sign_up_Type.run(Senior_Sign_up_Type:27)
	at com.kms.katalon.core.main.ScriptEngine.run(ScriptEngine.java:194)
	at com.kms.katalon.core.main.ScriptEngine.runScriptAsRawText(ScriptEngine.java:119)
	at com.kms.katalon.core.main.TestCaseExecutor.runScript(TestCaseExecutor.java:448)
	at com.kms.katalon.core.main.TestCaseExecutor.doExecute(TestCaseExecutor.java:439)
	at com.kms.katalon.core.main.TestCaseExecutor.processExecutionPhase(TestCaseExecutor.java:418)
	at com.kms.katalon.core.main.TestCaseExecutor.accessMainPhase(TestCaseExecutor.java:410)
	at com.kms.katalon.core.main.TestCaseExecutor.execute(TestCaseExecutor.java:285)
	at com.kms.katalon.core.main.TestCaseExecutor.execute(TestCaseExecutor.java:369)
	at com.kms.katalon.core.main.TestCaseExecutor.execute(TestCaseExecutor.java:369)
	at com.kms.katalon.core.main.TestCaseExecutor.execute(TestCaseExecutor.java:369)
	at com.kms.katalon.core.common.CommonExecutor.accessTestCaseMainPhase(CommonExecutor.java:65)
	at com.kms.katalon.core.main.TestSuiteExecutor.accessTestSuiteMainPhase(TestSuiteExecutor.java:148)
	at com.kms.katalon.core.main.TestSuiteExecutor.execute(TestSuiteExecutor.java:106)
	at com.kms.katalon.core.main.TestCaseMain.startTestSuite(TestCaseMain.java:187)
	at com.kms.katalon.core.main.TestCaseMain$startTestSuite$0.call(Unknown Source)
	at TempTestSuite1698747275326.run(TempTestSuite1698747275326.groovy:36)
Caused by: org.openqa.selenium.NoSuchElementException: Cannot locate option with value: Senior 
For documentation on this error, please visit: https://www.seleniumhq.org/exceptions/no_such_element.html
Build info: version: '3.141.59', revision: 'e82be7d358', time: '2018-11-14T08:25:53'
System info: host: 'LININDAUG23-266', ip: '192.168.1.7', os.name: 'Windows 11', os.arch: 'amd64', os.version: '10.0', java.version: '1.8.0_362'
Driver info: driver.version: unknown
	at org.openqa.selenium.support.ui.Select.findOptionsByValue(Select.java:283)
	at org.openqa.selenium.support.ui.Select.selectByValue(Select.java:186)
	at com.kms.katalon.core.webui.common.WebUiCommonHelper.selectOrDeselectOptionsByValue(WebUiCommonHelper.java:266)
	at com.kms.katalon.core.webui.keyword.builtin.SelectOptionByValueKeyword$_selectOptionByValue_closure1.doCall(SelectOptionByValueKeyword.groovy:88)
	at com.kms.katalon.core.webui.keyword.builtin.SelectOptionByValueKeyword$_selectOptionByValue_closure1.call(SelectOptionByValueKeyword.groovy)
	at com.kms.katalon.core.webui.keyword.internal.WebUIKeywordMain.runKeyword(WebUIKeywordMain.groovy:20)
	... 22 more
"/>
         <system-out><![CDATA[2023-10-31 15:44:54 - [TEST_CASE][FAILED] - Test Cases/Senior_Sign_up_Type: Test Cases/Senior_Sign_up_Type FAILED.
Reason:
com.kms.katalon.core.exception.StepFailedException: Unable to select option by value 'Senior ' of object 'Object Repository/Login_Page/Login_Page_Objects/Select_Role' 
	at com.kms.katalon.core.webui.keyword.internal.WebUIKeywordMain.stepFailed(WebUIKeywordMain.groovy:64)
	at com.kms.katalon.core.webui.keyword.internal.WebUIKeywordMain.runKeyword(WebUIKeywordMain.groovy:26)
	at com.kms.katalon.core.webui.keyword.builtin.SelectOptionByValueKeyword.selectOptionByValue(SelectOptionByValueKeyword.groovy:99)
	at com.kms.katalon.core.webui.keyword.builtin.SelectOptionByValueKeyword.execute(SelectOptionByValueKeyword.groovy:71)
	at com.kms.katalon.core.keyword.internal.KeywordExecutor.executeKeywordForPlatform(KeywordExecutor.groovy:74)
	at com.kms.katalon.core.webui.keyword.WebUiBuiltInKeywords.selectOptionByValue(WebUiBuiltInKeywords.groovy:1168)
	at com.kms.katalon.core.webui.keyword.WebUiBuiltInKeywords$selectOptionByValue$1.call(Unknown Source)
	at Senior_Sign_up_Type.run(Senior_Sign_up_Type:27)
	at com.kms.katalon.core.main.ScriptEngine.run(ScriptEngine.java:194)
	at com.kms.katalon.core.main.ScriptEngine.runScriptAsRawText(ScriptEngine.java:119)
	at com.kms.katalon.core.main.TestCaseExecutor.runScript(TestCaseExecutor.java:448)
	at com.kms.katalon.core.main.TestCaseExecutor.doExecute(TestCaseExecutor.java:439)
	at com.kms.katalon.core.main.TestCaseExecutor.processExecutionPhase(TestCaseExecutor.java:418)
	at com.kms.katalon.core.main.TestCaseExecutor.accessMainPhase(TestCaseExecutor.java:410)
	at com.kms.katalon.core.main.TestCaseExecutor.execute(TestCaseExecutor.java:285)
	at com.kms.katalon.core.main.TestCaseExecutor.execute(TestCaseExecutor.java:369)
	at com.kms.katalon.core.main.TestCaseExecutor.execute(TestCaseExecutor.java:369)
	at com.kms.katalon.core.main.TestCaseExecutor.execute(TestCaseExecutor.java:369)
	at com.kms.katalon.core.common.CommonExecutor.accessTestCaseMainPhase(CommonExecutor.java:65)
	at com.kms.katalon.core.main.TestSuiteExecutor.accessTestSuiteMainPhase(TestSuiteExecutor.java:148)
	at com.kms.katalon.core.main.TestSuiteExecutor.execute(TestSuiteExecutor.java:106)
	at com.kms.katalon.core.main.TestCaseMain.startTestSuite(TestCaseMain.java:187)
	at com.kms.katalon.core.main.TestCaseMain$startTestSuite$0.call(Unknown Source)
	at TempTestSuite1698747275326.run(TempTestSuite1698747275326.groovy:36)
Caused by: org.openqa.selenium.NoSuchElementException: Cannot locate option with value: Senior 
For documentation on this error, please visit: https://www.seleniumhq.org/exceptions/no_such_element.html
Build info: version: '3.141.59', revision: 'e82be7d358', time: '2018-11-14T08:25:53'
System info: host: 'LININDAUG23-266', ip: '192.168.1.7', os.name: 'Windows 11', os.arch: 'amd64', os.version: '10.0', java.version: '1.8.0_362'
Driver info: driver.version: unknown
	at org.openqa.selenium.support.ui.Select.findOptionsByValue(Select.java:283)
	at org.openqa.selenium.support.ui.Select.selectByValue(Select.java:186)
	at com.kms.katalon.core.webui.common.WebUiCommonHelper.selectOrDeselectOptionsByValue(WebUiCommonHelper.java:266)
	at com.kms.katalon.core.webui.keyword.builtin.SelectOptionByValueKeyword$_selectOptionByValue_closure1.doCall(SelectOptionByValueKeyword.groovy:88)
	at com.kms.katalon.core.webui.keyword.builtin.SelectOptionByValueKeyword$_selectOptionByValue_closure1.call(SelectOptionByValueKeyword.groovy)
	at com.kms.katalon.core.webui.keyword.internal.WebUIKeywordMain.runKeyword(WebUIKeywordMain.groovy:20)
	... 22 more


2023-10-31 15:44:54 - [TEST_STEP][PASSED] - openBrowser("https://caring-connections-qa.azurewebsites.net/"): Browser is opened with url: 'https://caring-connections-qa.azurewebsites.net/'

2023-10-31 15:44:54 - [MESSAGE][WARNING] - A browser is already opened. Closing browser and opening a new one

2023-10-31 15:44:55 - [MESSAGE][INFO] - Starting 'Chrome' driver

2023-10-31 15:44:55 - [MESSAGE][INFO] - Action delay is set to 0 milliseconds

2023-10-31 15:44:58 - [MESSAGE][PASSED] - Browser is opened with url: 'https://caring-connections-qa.azurewebsites.net/'

2023-10-31 15:44:58 - [TEST_STEP][PASSED] - setText(findTestObject("Login_Page/Login_Page_Objects/Input_Username"), UserName): Text 'Palak' is set on object 'Object Repository/Login_Page/Login_Page_Objects/Input_Username'

2023-10-31 15:44:59 - [MESSAGE][PASSED] - Text 'Palak' is set on object 'Object Repository/Login_Page/Login_Page_Objects/Input_Username'

2023-10-31 15:44:59 - [TEST_STEP][FAILED] - selectOptionByValue(findTestObject("Login_Page/Login_Page_Objects/Select_Role"), Role, false): Unable to select option by value 'Senior ' of object 'Object Repository/Login_Page/Login_Page_Objects/Select_Role'  (Root cause: com.kms.katalon.core.exception.StepFailedException: Unable to select option by value 'Senior ' of object 'Object Repository/Login_Page/Login_Page_Objects/Select_Role' 
	at com.kms.katalon.core.webui.keyword.internal.WebUIKeywordMain.stepFailed(WebUIKeywordMain.groovy:64)
	at com.kms.katalon.core.webui.keyword.internal.WebUIKeywordMain.runKeyword(WebUIKeywordMain.groovy:26)
	at com.kms.katalon.core.webui.keyword.builtin.SelectOptionByValueKeyword.selectOptionByValue(SelectOptionByValueKeyword.groovy:99)
	at com.kms.katalon.core.webui.keyword.builtin.SelectOptionByValueKeyword.execute(SelectOptionByValueKeyword.groovy:71)
	at com.kms.katalon.core.keyword.internal.KeywordExecutor.executeKeywordForPlatform(KeywordExecutor.groovy:74)
	at com.kms.katalon.core.webui.keyword.WebUiBuiltInKeywords.selectOptionByValue(WebUiBuiltInKeywords.groovy:1168)
	at com.kms.katalon.core.webui.keyword.WebUiBuiltInKeywords$selectOptionByValue$1.call(Unknown Source)
	at Senior_Sign_up_Type.run(Senior_Sign_up_Type:27)
	at com.kms.katalon.core.main.ScriptEngine.run(ScriptEngine.java:194)
	at com.kms.katalon.core.main.ScriptEngine.runScriptAsRawText(ScriptEngine.java:119)
	at com.kms.katalon.core.main.TestCaseExecutor.runScript(TestCaseExecutor.java:448)
	at com.kms.katalon.core.main.TestCaseExecutor.doExecute(TestCaseExecutor.java:439)
	at com.kms.katalon.core.main.TestCaseExecutor.processExecutionPhase(TestCaseExecutor.java:418)
	at com.kms.katalon.core.main.TestCaseExecutor.accessMainPhase(TestCaseExecutor.java:410)
	at com.kms.katalon.core.main.TestCaseExecutor.execute(TestCaseExecutor.java:285)
	at com.kms.katalon.core.main.TestCaseExecutor.execute(TestCaseExecutor.java:369)
	at com.kms.katalon.core.main.TestCaseExecutor.execute(TestCaseExecutor.java:369)
	at com.kms.katalon.core.main.TestCaseExecutor.execute(TestCaseExecutor.java:369)
	at com.kms.katalon.core.common.CommonExecutor.accessTestCaseMainPhase(CommonExecutor.java:65)
	at com.kms.katalon.core.main.TestSuiteExecutor.accessTestSuiteMainPhase(TestSuiteExecutor.java:148)
	at com.kms.katalon.core.main.TestSuiteExecutor.execute(TestSuiteExecutor.java:106)
	at com.kms.katalon.core.main.TestCaseMain.startTestSuite(TestCaseMain.java:187)
	at com.kms.katalon.core.main.TestCaseMain$startTestSuite$0.call(Unknown Source)
	at TempTestSuite1698747275326.run(TempTestSuite1698747275326.groovy:36)
Caused by: org.openqa.selenium.NoSuchElementException: Cannot locate option with value: Senior 
For documentation on this error, please visit: https://www.seleniumhq.org/exceptions/no_such_element.html
Build info: version: '3.141.59', revision: 'e82be7d358', time: '2018-11-14T08:25:53'
System info: host: 'LININDAUG23-266', ip: '192.168.1.7', os.name: 'Windows 11', os.arch: 'amd64', os.version: '10.0', java.version: '1.8.0_362'
Driver info: driver.version: unknown
	at org.openqa.selenium.support.ui.Select.findOptionsByValue(Select.java:283)
	at org.openqa.selenium.support.ui.Select.selectByValue(Select.java:186)
	at com.kms.katalon.core.webui.common.WebUiCommonHelper.selectOrDeselectOptionsByValue(WebUiCommonHelper.java:266)
	at com.kms.katalon.core.webui.keyword.builtin.SelectOptionByValueKeyword$_selectOptionByValue_closure1.doCall(SelectOptionByValueKeyword.groovy:88)
	at com.kms.katalon.core.webui.keyword.builtin.SelectOptionByValueKeyword$_selectOptionByValue_closure1.call(SelectOptionByValueKeyword.groovy)
	at com.kms.katalon.core.webui.keyword.internal.WebUIKeywordMain.runKeyword(WebUIKeywordMain.groovy:20)
	at com.kms.katalon.core.webui.keyword.builtin.SelectOptionByValueKeyword.selectOptionByValue(SelectOptionByValueKeyword.groovy:99)
	at com.kms.katalon.core.webui.keyword.builtin.SelectOptionByValueKeyword.execute(SelectOptionByValueKeyword.groovy:71)
	at com.kms.katalon.core.keyword.internal.KeywordExecutor.executeKeywordForPlatform(KeywordExecutor.groovy:74)
	at com.kms.katalon.core.webui.keyword.WebUiBuiltInKeywords.selectOptionByValue(WebUiBuiltInKeywords.groovy:1168)
	at com.kms.katalon.core.webui.keyword.WebUiBuiltInKeywords$selectOptionByValue$1.call(Unknown Source)
	at Script1698728294904.run(Script1698728294904.groovy:27)
	... 16 more
)

2023-10-31 15:44:59 - [MESSAGE][FAILED] - Unable to select option by value 'Senior ' of object 'Object Repository/Login_Page/Login_Page_Objects/Select_Role'  (Root cause: com.kms.katalon.core.exception.StepFailedException: Unable to select option by value 'Senior ' of object 'Object Repository/Login_Page/Login_Page_Objects/Select_Role' 
	at com.kms.katalon.core.webui.keyword.internal.WebUIKeywordMain.stepFailed(WebUIKeywordMain.groovy:64)
	at com.kms.katalon.core.webui.keyword.internal.WebUIKeywordMain.runKeyword(WebUIKeywordMain.groovy:26)
	at com.kms.katalon.core.webui.keyword.builtin.SelectOptionByValueKeyword.selectOptionByValue(SelectOptionByValueKeyword.groovy:99)
	at com.kms.katalon.core.webui.keyword.builtin.SelectOptionByValueKeyword.execute(SelectOptionByValueKeyword.groovy:71)
	at com.kms.katalon.core.keyword.internal.KeywordExecutor.executeKeywordForPlatform(KeywordExecutor.groovy:74)
	at com.kms.katalon.core.webui.keyword.WebUiBuiltInKeywords.selectOptionByValue(WebUiBuiltInKeywords.groovy:1168)
	at com.kms.katalon.core.webui.keyword.WebUiBuiltInKeywords$selectOptionByValue$1.call(Unknown Source)
	at Senior_Sign_up_Type.run(Senior_Sign_up_Type:27)
	at com.kms.katalon.core.main.ScriptEngine.run(ScriptEngine.java:194)
	at com.kms.katalon.core.main.ScriptEngine.runScriptAsRawText(ScriptEngine.java:119)
	at com.kms.katalon.core.main.TestCaseExecutor.runScript(TestCaseExecutor.java:448)
	at com.kms.katalon.core.main.TestCaseExecutor.doExecute(TestCaseExecutor.java:439)
	at com.kms.katalon.core.main.TestCaseExecutor.processExecutionPhase(TestCaseExecutor.java:418)
	at com.kms.katalon.core.main.TestCaseExecutor.accessMainPhase(TestCaseExecutor.java:410)
	at com.kms.katalon.core.main.TestCaseExecutor.execute(TestCaseExecutor.java:285)
	at com.kms.katalon.core.main.TestCaseExecutor.execute(TestCaseExecutor.java:369)
	at com.kms.katalon.core.main.TestCaseExecutor.execute(TestCaseExecutor.java:369)
	at com.kms.katalon.core.main.TestCaseExecutor.execute(TestCaseExecutor.java:369)
	at com.kms.katalon.core.common.CommonExecutor.accessTestCaseMainPhase(CommonExecutor.java:65)
	at com.kms.katalon.core.main.TestSuiteExecutor.accessTestSuiteMainPhase(TestSuiteExecutor.java:148)
	at com.kms.katalon.core.main.TestSuiteExecutor.execute(TestSuiteExecutor.java:106)
	at com.kms.katalon.core.main.TestCaseMain.startTestSuite(TestCaseMain.java:187)
	at com.kms.katalon.core.main.TestCaseMain$startTestSuite$0.call(Unknown Source)
	at TempTestSuite1698747275326.run(TempTestSuite1698747275326.groovy:36)
Caused by: org.openqa.selenium.NoSuchElementException: Cannot locate option with value: Senior 
For documentation on this error, please visit: https://www.seleniumhq.org/exceptions/no_such_element.html
Build info: version: '3.141.59', revision: 'e82be7d358', time: '2018-11-14T08:25:53'
System info: host: 'LININDAUG23-266', ip: '192.168.1.7', os.name: 'Windows 11', os.arch: 'amd64', os.version: '10.0', java.version: '1.8.0_362'
Driver info: driver.version: unknown
	at org.openqa.selenium.support.ui.Select.findOptionsByValue(Select.java:283)
	at org.openqa.selenium.support.ui.Select.selectByValue(Select.java:186)
	at com.kms.katalon.core.webui.common.WebUiCommonHelper.selectOrDeselectOptionsByValue(WebUiCommonHelper.java:266)
	at com.kms.katalon.core.webui.keyword.builtin.SelectOptionByValueKeyword$_selectOptionByValue_closure1.doCall(SelectOptionByValueKeyword.groovy:88)
	at com.kms.katalon.core.webui.keyword.builtin.SelectOptionByValueKeyword$_selectOptionByValue_closure1.call(SelectOptionByValueKeyword.groovy)
	at com.kms.katalon.core.webui.keyword.internal.WebUIKeywordMain.runKeyword(WebUIKeywordMain.groovy:20)
	at com.kms.katalon.core.webui.keyword.builtin.SelectOptionByValueKeyword.selectOptionByValue(SelectOptionByValueKeyword.groovy:99)
	at com.kms.katalon.core.webui.keyword.builtin.SelectOptionByValueKeyword.execute(SelectOptionByValueKeyword.groovy:71)
	at com.kms.katalon.core.keyword.internal.KeywordExecutor.executeKeywordForPlatform(KeywordExecutor.groovy:74)
	at com.kms.katalon.core.webui.keyword.WebUiBuiltInKeywords.selectOptionByValue(WebUiBuiltInKeywords.groovy:1168)
	at com.kms.katalon.core.webui.keyword.WebUiBuiltInKeywords$selectOptionByValue$1.call(Unknown Source)
	at Script1698728294904.run(Script1698728294904.groovy:27)
	... 16 more
)
[[ATTACHMENT|C:\\Users\\PalakGupta\\git\\CaringConnection\\Reports\\20231031_154435\\Senior_Sign_Up_Type\\20231031_154435\\1698747299766.png]]]]></system-out>
         <system-err><![CDATA[2023-10-31 15:44:54 - [TEST_CASE][FAILED] - Test Cases/Senior_Sign_up_Type: Test Cases/Senior_Sign_up_Type FAILED.
Reason:
com.kms.katalon.core.exception.StepFailedException: Unable to select option by value 'Senior ' of object 'Object Repository/Login_Page/Login_Page_Objects/Select_Role' 
	at com.kms.katalon.core.webui.keyword.internal.WebUIKeywordMain.stepFailed(WebUIKeywordMain.groovy:64)
	at com.kms.katalon.core.webui.keyword.internal.WebUIKeywordMain.runKeyword(WebUIKeywordMain.groovy:26)
	at com.kms.katalon.core.webui.keyword.builtin.SelectOptionByValueKeyword.selectOptionByValue(SelectOptionByValueKeyword.groovy:99)
	at com.kms.katalon.core.webui.keyword.builtin.SelectOptionByValueKeyword.execute(SelectOptionByValueKeyword.groovy:71)
	at com.kms.katalon.core.keyword.internal.KeywordExecutor.executeKeywordForPlatform(KeywordExecutor.groovy:74)
	at com.kms.katalon.core.webui.keyword.WebUiBuiltInKeywords.selectOptionByValue(WebUiBuiltInKeywords.groovy:1168)
	at com.kms.katalon.core.webui.keyword.WebUiBuiltInKeywords$selectOptionByValue$1.call(Unknown Source)
	at Senior_Sign_up_Type.run(Senior_Sign_up_Type:27)
	at com.kms.katalon.core.main.ScriptEngine.run(ScriptEngine.java:194)
	at com.kms.katalon.core.main.ScriptEngine.runScriptAsRawText(ScriptEngine.java:119)
	at com.kms.katalon.core.main.TestCaseExecutor.runScript(TestCaseExecutor.java:448)
	at com.kms.katalon.core.main.TestCaseExecutor.doExecute(TestCaseExecutor.java:439)
	at com.kms.katalon.core.main.TestCaseExecutor.processExecutionPhase(TestCaseExecutor.java:418)
	at com.kms.katalon.core.main.TestCaseExecutor.accessMainPhase(TestCaseExecutor.java:410)
	at com.kms.katalon.core.main.TestCaseExecutor.execute(TestCaseExecutor.java:285)
	at com.kms.katalon.core.main.TestCaseExecutor.execute(TestCaseExecutor.java:369)
	at com.kms.katalon.core.main.TestCaseExecutor.execute(TestCaseExecutor.java:369)
	at com.kms.katalon.core.main.TestCaseExecutor.execute(TestCaseExecutor.java:369)
	at com.kms.katalon.core.common.CommonExecutor.accessTestCaseMainPhase(CommonExecutor.java:65)
	at com.kms.katalon.core.main.TestSuiteExecutor.accessTestSuiteMainPhase(TestSuiteExecutor.java:148)
	at com.kms.katalon.core.main.TestSuiteExecutor.execute(TestSuiteExecutor.java:106)
	at com.kms.katalon.core.main.TestCaseMain.startTestSuite(TestCaseMain.java:187)
	at com.kms.katalon.core.main.TestCaseMain$startTestSuite$0.call(Unknown Source)
	at TempTestSuite1698747275326.run(TempTestSuite1698747275326.groovy:36)
Caused by: org.openqa.selenium.NoSuchElementException: Cannot locate option with value: Senior 
For documentation on this error, please visit: https://www.seleniumhq.org/exceptions/no_such_element.html
Build info: version: '3.141.59', revision: 'e82be7d358', time: '2018-11-14T08:25:53'
System info: host: 'LININDAUG23-266', ip: '192.168.1.7', os.name: 'Windows 11', os.arch: 'amd64', os.version: '10.0', java.version: '1.8.0_362'
Driver info: driver.version: unknown
	at org.openqa.selenium.support.ui.Select.findOptionsByValue(Select.java:283)
	at org.openqa.selenium.support.ui.Select.selectByValue(Select.java:186)
	at com.kms.katalon.core.webui.common.WebUiCommonHelper.selectOrDeselectOptionsByValue(WebUiCommonHelper.java:266)
	at com.kms.katalon.core.webui.keyword.builtin.SelectOptionByValueKeyword$_selectOptionByValue_closure1.doCall(SelectOptionByValueKeyword.groovy:88)
	at com.kms.katalon.core.webui.keyword.builtin.SelectOptionByValueKeyword$_selectOptionByValue_closure1.call(SelectOptionByValueKeyword.groovy)
	at com.kms.katalon.core.webui.keyword.internal.WebUIKeywordMain.runKeyword(WebUIKeywordMain.groovy:20)
	... 22 more]]></system-err>
      </testcase>
      <testcase name="Test Cases/Senior_Sign_up_Type" time="121.721" classname="Test Cases/Senior_Sign_up_Type" status="PASSED">
         <system-out><![CDATA[2023-10-31 15:44:59 - [TEST_CASE][PASSED] - Test Cases/Senior_Sign_up_Type: Test Cases/Senior_Sign_up_Type

2023-10-31 15:44:59 - [TEST_STEP][PASSED] - openBrowser("https://caring-connections-qa.azurewebsites.net/"): Browser is opened with url: 'https://caring-connections-qa.azurewebsites.net/'

2023-10-31 15:44:59 - [MESSAGE][WARNING] - A browser is already opened. Closing browser and opening a new one

2023-10-31 15:45:00 - [MESSAGE][INFO] - Starting 'Chrome' driver

2023-10-31 15:45:00 - [MESSAGE][INFO] - Action delay is set to 0 milliseconds

2023-10-31 15:45:03 - [MESSAGE][PASSED] - Browser is opened with url: 'https://caring-connections-qa.azurewebsites.net/'

2023-10-31 15:45:03 - [TEST_STEP][PASSED] - setText(findTestObject("Login_Page/Login_Page_Objects/Input_Username"), UserName): Text 'Shresth' is set on object 'Object Repository/Login_Page/Login_Page_Objects/Input_Username'

2023-10-31 15:45:04 - [MESSAGE][PASSED] - Text 'Shresth' is set on object 'Object Repository/Login_Page/Login_Page_Objects/Input_Username'

2023-10-31 15:45:04 - [TEST_STEP][PASSED] - selectOptionByValue(findTestObject("Login_Page/Login_Page_Objects/Select_Role"), Role, false): All options with value 'Senior' are selected in object 'Object Repository/Login_Page/Login_Page_Objects/Select_Role' 

2023-10-31 15:45:05 - [MESSAGE][PASSED] - All options with value 'Senior' are selected in object 'Object Repository/Login_Page/Login_Page_Objects/Select_Role' 

2023-10-31 15:45:05 - [TEST_STEP][PASSED] - setText(findTestObject("Login_Page/Login_Page_Objects/Input_Email"), Email): Text 'shresth55@gmail.com' is set on object 'Object Repository/Login_Page/Login_Page_Objects/Input_Email'

2023-10-31 15:45:05 - [MESSAGE][PASSED] - Text 'shresth55@gmail.com' is set on object 'Object Repository/Login_Page/Login_Page_Objects/Input_Email'

2023-10-31 15:45:05 - [TEST_STEP][PASSED] - click(findTestObject("Login_Page/Login_Page_Objects/btn_Get Started")): Object: 'Object Repository/Login_Page/Login_Page_Objects/btn_Get Started' is clicked on

2023-10-31 15:45:06 - [MESSAGE][PASSED] - Object: 'Object Repository/Login_Page/Login_Page_Objects/btn_Get Started' is clicked on

2023-10-31 15:45:06 - [TEST_STEP][PASSED] - verifyElementPresent(findTestObject("Object Repository/Profile_Creation_Page/Profile_Creation_Page_Objects/txt_p3_Expectations_From_Companion"), 0): Object 'Object Repository/Profile_Creation_Page/Profile_Creation_Page_Objects/txt_p3_Expectations_From_Companion' is present

2023-10-31 15:45:06 - [MESSAGE][WARNING] - Timeout '0' is invalid. Using default page load timeout: '30'

2023-10-31 15:45:08 - [MESSAGE][PASSED] - Object 'Object Repository/Profile_Creation_Page/Profile_Creation_Page_Objects/txt_p3_Expectations_From_Companion' is present

2023-10-31 15:45:08 - [TEST_STEP][PASSED] - delay(40): Delayed 40 second(s)

2023-10-31 15:45:48 - [MESSAGE][PASSED] - Delayed 40 second(s)

2023-10-31 15:45:48 - [TEST_STEP][PASSED] - click(findTestObject("Profile_Creation_Page/Profile_Creation_Page_Objects/btn_I_Want_To_Type")): Object: 'Object Repository/Profile_Creation_Page/Profile_Creation_Page_Objects/btn_I_Want_To_Type' is clicked on

2023-10-31 15:46:19 - [MESSAGE][INFO] - Unable to find the element located by 'By.xpath: //button[(text() = ' I want to type')]'. Please recheck the objects properties to make sure the desired element is located. 

2023-10-31 15:46:19 - [MESSAGE][WARNING] - [SELF-HEALING] Failed to find element with id 'Object Repository/Profile_Creation_Page/Profile_Creation_Page_Objects/btn_I_Want_To_Type'. Try using Self-healing.

2023-10-31 15:46:20 - [MESSAGE][WARNING] - [SELF-HEALING] The current locator of test object 'Object Repository/Profile_Creation_Page/Profile_Creation_Page_Objects/btn_I_Want_To_Type' was broken. Propose an alternative one: '//div[@id='root']/div/div/div/div[4]/div/div[2]/button'.

2023-10-31 15:46:20 - [MESSAGE][PASSED] - Object: 'Object Repository/Profile_Creation_Page/Profile_Creation_Page_Objects/btn_I_Want_To_Type' is clicked on

2023-10-31 15:46:20 - [TEST_STEP][PASSED] - delay(5): Delayed 5 second(s)

2023-10-31 15:46:25 - [MESSAGE][PASSED] - Delayed 5 second(s)

2023-10-31 15:46:25 - [TEST_STEP][PASSED] - setText(findTestObject("Profile_Creation_Page/Profile_Creation_Page_Objects/Input_I_Want_To_Type"), Profile): Text 'Greetings, I'm Shresth, a seasoned explorer in the journey of life, joyfully celebrating my 58 years of existence. With a background in astrophysics, I dedicated decades to exploring the mysteries of the universe. Beyond scientific pursuits, I find solace in the world of music, playing the piano and composing melodies that resonate with the cosmos. In a companion, I seek someone who shares my passion for stargazing and the wonders of the universe. Health-wise, I've faced challenges with arthritis, but with regular physiotherapy and a balanced lifestyle, I continue to pursue my passions with vigor. Life has been a captivating adventure, and I look forward to crafting new experiences with a like-minded soul who appreciates the beauty of the cosmos and the art of music.' is set on object 'Object Repository/Profile_Creation_Page/Profile_Creation_Page_Objects/Input_I_Want_To_Type'

2023-10-31 15:46:26 - [MESSAGE][PASSED] - Text 'Greetings, I'm Shresth, a seasoned explorer in the journey of life, joyfully celebrating my 58 years of existence. With a background in astrophysics, I dedicated decades to exploring the mysteries of the universe. Beyond scientific pursuits, I find solace in the world of music, playing the piano and composing melodies that resonate with the cosmos. In a companion, I seek someone who shares my passion for stargazing and the wonders of the universe. Health-wise, I've faced challenges with arthritis, but with regular physiotherapy and a balanced lifestyle, I continue to pursue my passions with vigor. Life has been a captivating adventure, and I look forward to crafting new experiences with a like-minded soul who appreciates the beauty of the cosmos and the art of music.' is set on object 'Object Repository/Profile_Creation_Page/Profile_Creation_Page_Objects/Input_I_Want_To_Type'

2023-10-31 15:46:26 - [TEST_STEP][PASSED] - scrollToElement(findTestObject("Object Repository/Profile_Creation_Page/Profile_Creation_Page_Objects/btn_Next"), 0): Scroll to object 'Object Repository/Profile_Creation_Page/Profile_Creation_Page_Objects/btn_Next' successfully

2023-10-31 15:46:26 - [MESSAGE][WARNING] - Timeout '0' is invalid. Using default page load timeout: '30'

2023-10-31 15:46:26 - [MESSAGE][PASSED] - Scroll to object 'Object Repository/Profile_Creation_Page/Profile_Creation_Page_Objects/btn_Next' successfully

2023-10-31 15:46:26 - [TEST_STEP][PASSED] - click(findTestObject("Profile_Creation_Page/Profile_Creation_Page_Objects/btn_Next")): Object: 'Object Repository/Profile_Creation_Page/Profile_Creation_Page_Objects/btn_Next' is clicked on

2023-10-31 15:46:26 - [MESSAGE][PASSED] - Object: 'Object Repository/Profile_Creation_Page/Profile_Creation_Page_Objects/btn_Next' is clicked on

2023-10-31 15:46:26 - [TEST_STEP][PASSED] - delay(12): Delayed 12 second(s)

2023-10-31 15:46:38 - [MESSAGE][PASSED] - Delayed 12 second(s)

2023-10-31 15:46:38 - [TEST_STEP][PASSED] - scrollToElement(findTestObject("Object Repository/Category_View_Page/Category_View_Page_Objects/btn_Save_n_Continue"), 0): Scroll to object 'Object Repository/Category_View_Page/Category_View_Page_Objects/btn_Save_n_Continue' successfully

2023-10-31 15:46:38 - [MESSAGE][WARNING] - Timeout '0' is invalid. Using default page load timeout: '30'

2023-10-31 15:46:56 - [MESSAGE][PASSED] - Scroll to object 'Object Repository/Category_View_Page/Category_View_Page_Objects/btn_Save_n_Continue' successfully

2023-10-31 15:46:56 - [TEST_STEP][PASSED] - click(findTestObject("Object Repository/Category_View_Page/Category_View_Page_Objects/btn_Save_n_Continue")): Object: 'Object Repository/Category_View_Page/Category_View_Page_Objects/btn_Save_n_Continue' is clicked on

2023-10-31 15:46:57 - [MESSAGE][PASSED] - Object: 'Object Repository/Category_View_Page/Category_View_Page_Objects/btn_Save_n_Continue' is clicked on

2023-10-31 15:46:57 - [TEST_STEP][PASSED] - verifyElementPresent(findTestObject("Object Repository/Thankyou_Page/Thankyou_Page_Objects/txt_h1_Thank you"), 0): Object 'Object Repository/Thankyou_Page/Thankyou_Page_Objects/txt_h1_Thank you' is present

2023-10-31 15:46:57 - [MESSAGE][WARNING] - Timeout '0' is invalid. Using default page load timeout: '30'

2023-10-31 15:47:00 - [MESSAGE][PASSED] - Object 'Object Repository/Thankyou_Page/Thankyou_Page_Objects/txt_h1_Thank you' is present

2023-10-31 15:47:00 - [TEST_STEP][PASSED] - closeBrowser(): Browser is closed

2023-10-31 15:47:01 - [MESSAGE][PASSED] - Browser is closed]]></system-out>
         <system-err><![CDATA[]]></system-err>
      </testcase>
      <testcase name="Test Cases/Senior_Sign_up_Type" time="122.617" classname="Test Cases/Senior_Sign_up_Type" status="PASSED">
         <system-out><![CDATA[2023-10-31 15:47:01 - [TEST_CASE][PASSED] - Test Cases/Senior_Sign_up_Type: Test Cases/Senior_Sign_up_Type

2023-10-31 15:47:01 - [TEST_STEP][PASSED] - openBrowser("https://caring-connections-qa.azurewebsites.net/"): Browser is opened with url: 'https://caring-connections-qa.azurewebsites.net/'

2023-10-31 15:47:01 - [MESSAGE][INFO] - Starting 'Chrome' driver

2023-10-31 15:47:01 - [MESSAGE][INFO] - Action delay is set to 0 milliseconds

2023-10-31 15:47:05 - [MESSAGE][PASSED] - Browser is opened with url: 'https://caring-connections-qa.azurewebsites.net/'

2023-10-31 15:47:05 - [TEST_STEP][PASSED] - setText(findTestObject("Login_Page/Login_Page_Objects/Input_Username"), UserName): Text 'Naveen' is set on object 'Object Repository/Login_Page/Login_Page_Objects/Input_Username'

2023-10-31 15:47:06 - [MESSAGE][PASSED] - Text 'Naveen' is set on object 'Object Repository/Login_Page/Login_Page_Objects/Input_Username'

2023-10-31 15:47:06 - [TEST_STEP][PASSED] - selectOptionByValue(findTestObject("Login_Page/Login_Page_Objects/Select_Role"), Role, false): All options with value 'Senior' are selected in object 'Object Repository/Login_Page/Login_Page_Objects/Select_Role' 

2023-10-31 15:47:06 - [MESSAGE][PASSED] - All options with value 'Senior' are selected in object 'Object Repository/Login_Page/Login_Page_Objects/Select_Role' 

2023-10-31 15:47:06 - [TEST_STEP][PASSED] - setText(findTestObject("Login_Page/Login_Page_Objects/Input_Email"), Email): Text 'naveen55@gmail.com' is set on object 'Object Repository/Login_Page/Login_Page_Objects/Input_Email'

2023-10-31 15:47:07 - [MESSAGE][PASSED] - Text 'naveen55@gmail.com' is set on object 'Object Repository/Login_Page/Login_Page_Objects/Input_Email'

2023-10-31 15:47:07 - [TEST_STEP][PASSED] - click(findTestObject("Login_Page/Login_Page_Objects/btn_Get Started")): Object: 'Object Repository/Login_Page/Login_Page_Objects/btn_Get Started' is clicked on

2023-10-31 15:47:07 - [MESSAGE][PASSED] - Object: 'Object Repository/Login_Page/Login_Page_Objects/btn_Get Started' is clicked on

2023-10-31 15:47:07 - [TEST_STEP][PASSED] - verifyElementPresent(findTestObject("Object Repository/Profile_Creation_Page/Profile_Creation_Page_Objects/txt_p3_Expectations_From_Companion"), 0): Object 'Object Repository/Profile_Creation_Page/Profile_Creation_Page_Objects/txt_p3_Expectations_From_Companion' is present

2023-10-31 15:47:07 - [MESSAGE][WARNING] - Timeout '0' is invalid. Using default page load timeout: '30'

2023-10-31 15:47:09 - [MESSAGE][PASSED] - Object 'Object Repository/Profile_Creation_Page/Profile_Creation_Page_Objects/txt_p3_Expectations_From_Companion' is present

2023-10-31 15:47:09 - [TEST_STEP][PASSED] - delay(40): Delayed 40 second(s)

2023-10-31 15:47:49 - [MESSAGE][PASSED] - Delayed 40 second(s)

2023-10-31 15:47:49 - [TEST_STEP][PASSED] - click(findTestObject("Profile_Creation_Page/Profile_Creation_Page_Objects/btn_I_Want_To_Type")): Object: 'Object Repository/Profile_Creation_Page/Profile_Creation_Page_Objects/btn_I_Want_To_Type' is clicked on

2023-10-31 15:48:20 - [MESSAGE][INFO] - Unable to find the element located by 'By.xpath: //button[(text() = ' I want to type')]'. Please recheck the objects properties to make sure the desired element is located. 

2023-10-31 15:48:20 - [MESSAGE][WARNING] - [SELF-HEALING] Failed to find element with id 'Object Repository/Profile_Creation_Page/Profile_Creation_Page_Objects/btn_I_Want_To_Type'. Try using Self-healing.

2023-10-31 15:48:21 - [MESSAGE][WARNING] - [SELF-HEALING] The current locator of test object 'Object Repository/Profile_Creation_Page/Profile_Creation_Page_Objects/btn_I_Want_To_Type' was broken. Propose an alternative one: '//div[@id='root']/div/div/div/div[4]/div/div[2]/button'.

2023-10-31 15:48:21 - [MESSAGE][PASSED] - Object: 'Object Repository/Profile_Creation_Page/Profile_Creation_Page_Objects/btn_I_Want_To_Type' is clicked on

2023-10-31 15:48:21 - [TEST_STEP][PASSED] - delay(5): Delayed 5 second(s)

2023-10-31 15:48:26 - [MESSAGE][PASSED] - Delayed 5 second(s)

2023-10-31 15:48:26 - [TEST_STEP][PASSED] - setText(findTestObject("Profile_Creation_Page/Profile_Creation_Page_Objects/Input_I_Want_To_Type"), Profile): Text 'Greetings, I'm Naveen , a seasoned explorer in the journey of life, joyfully celebrating my 58 years of existence. With a background in literature, I dedicated decades to exploring the rich world of words and stories. Beyond academic pursuits, I find solace in the world of painting, crafting vibrant canvases that express the beauty of the written word. In a companion, I hope to find someone who shares my love for literature and the appreciation for the creative blend of art and storytelling. Health-wise, I've faced challenges with allergies, but with careful management and a balanced lifestyle, I continue to pursue my passions with vigor. Life has been a captivating adventure through the pages of books and art, and I look forward to painting new chapters with a like-minded soul who values the beauty of storytelling and the creativity of artistic expression.' is set on object 'Object Repository/Profile_Creation_Page/Profile_Creation_Page_Objects/Input_I_Want_To_Type'

2023-10-31 15:48:27 - [MESSAGE][PASSED] - Text 'Greetings, I'm Naveen , a seasoned explorer in the journey of life, joyfully celebrating my 58 years of existence. With a background in literature, I dedicated decades to exploring the rich world of words and stories. Beyond academic pursuits, I find solace in the world of painting, crafting vibrant canvases that express the beauty of the written word. In a companion, I hope to find someone who shares my love for literature and the appreciation for the creative blend of art and storytelling. Health-wise, I've faced challenges with allergies, but with careful management and a balanced lifestyle, I continue to pursue my passions with vigor. Life has been a captivating adventure through the pages of books and art, and I look forward to painting new chapters with a like-minded soul who values the beauty of storytelling and the creativity of artistic expression.' is set on object 'Object Repository/Profile_Creation_Page/Profile_Creation_Page_Objects/Input_I_Want_To_Type'

2023-10-31 15:48:27 - [TEST_STEP][PASSED] - scrollToElement(findTestObject("Object Repository/Profile_Creation_Page/Profile_Creation_Page_Objects/btn_Next"), 0): Scroll to object 'Object Repository/Profile_Creation_Page/Profile_Creation_Page_Objects/btn_Next' successfully

2023-10-31 15:48:27 - [MESSAGE][WARNING] - Timeout '0' is invalid. Using default page load timeout: '30'

2023-10-31 15:48:27 - [MESSAGE][PASSED] - Scroll to object 'Object Repository/Profile_Creation_Page/Profile_Creation_Page_Objects/btn_Next' successfully

2023-10-31 15:48:27 - [TEST_STEP][PASSED] - click(findTestObject("Profile_Creation_Page/Profile_Creation_Page_Objects/btn_Next")): Object: 'Object Repository/Profile_Creation_Page/Profile_Creation_Page_Objects/btn_Next' is clicked on

2023-10-31 15:48:27 - [MESSAGE][PASSED] - Object: 'Object Repository/Profile_Creation_Page/Profile_Creation_Page_Objects/btn_Next' is clicked on

2023-10-31 15:48:27 - [TEST_STEP][PASSED] - delay(12): Delayed 12 second(s)

2023-10-31 15:48:39 - [MESSAGE][PASSED] - Delayed 12 second(s)

2023-10-31 15:48:39 - [TEST_STEP][PASSED] - scrollToElement(findTestObject("Object Repository/Category_View_Page/Category_View_Page_Objects/btn_Save_n_Continue"), 0): Scroll to object 'Object Repository/Category_View_Page/Category_View_Page_Objects/btn_Save_n_Continue' successfully

2023-10-31 15:48:39 - [MESSAGE][WARNING] - Timeout '0' is invalid. Using default page load timeout: '30'

2023-10-31 15:48:57 - [MESSAGE][PASSED] - Scroll to object 'Object Repository/Category_View_Page/Category_View_Page_Objects/btn_Save_n_Continue' successfully

2023-10-31 15:48:57 - [TEST_STEP][PASSED] - click(findTestObject("Object Repository/Category_View_Page/Category_View_Page_Objects/btn_Save_n_Continue")): Object: 'Object Repository/Category_View_Page/Category_View_Page_Objects/btn_Save_n_Continue' is clicked on

2023-10-31 15:49:00 - [MESSAGE][PASSED] - Object: 'Object Repository/Category_View_Page/Category_View_Page_Objects/btn_Save_n_Continue' is clicked on

2023-10-31 15:49:00 - [TEST_STEP][PASSED] - verifyElementPresent(findTestObject("Object Repository/Thankyou_Page/Thankyou_Page_Objects/txt_h1_Thank you"), 0): Object 'Object Repository/Thankyou_Page/Thankyou_Page_Objects/txt_h1_Thank you' is present

2023-10-31 15:49:00 - [MESSAGE][WARNING] - Timeout '0' is invalid. Using default page load timeout: '30'

2023-10-31 15:49:03 - [MESSAGE][PASSED] - Object 'Object Repository/Thankyou_Page/Thankyou_Page_Objects/txt_h1_Thank you' is present

2023-10-31 15:49:03 - [TEST_STEP][PASSED] - closeBrowser(): Browser is closed

2023-10-31 15:49:04 - [MESSAGE][PASSED] - Browser is closed]]></system-out>
         <system-err><![CDATA[]]></system-err>
      </testcase>
      <testcase name="Test Cases/Senior_Sign_up_Type" time="117.444" classname="Test Cases/Senior_Sign_up_Type" status="PASSED">
         <system-out><![CDATA[2023-10-31 15:49:04 - [TEST_CASE][PASSED] - Test Cases/Senior_Sign_up_Type: Test Cases/Senior_Sign_up_Type

2023-10-31 15:49:04 - [TEST_STEP][PASSED] - openBrowser("https://caring-connections-qa.azurewebsites.net/"): Browser is opened with url: 'https://caring-connections-qa.azurewebsites.net/'

2023-10-31 15:49:04 - [MESSAGE][INFO] - Starting 'Chrome' driver

2023-10-31 15:49:04 - [MESSAGE][INFO] - Action delay is set to 0 milliseconds

2023-10-31 15:49:07 - [MESSAGE][PASSED] - Browser is opened with url: 'https://caring-connections-qa.azurewebsites.net/'

2023-10-31 15:49:07 - [TEST_STEP][PASSED] - setText(findTestObject("Login_Page/Login_Page_Objects/Input_Username"), UserName): Text 'Kanchan' is set on object 'Object Repository/Login_Page/Login_Page_Objects/Input_Username'

2023-10-31 15:49:07 - [MESSAGE][PASSED] - Text 'Kanchan' is set on object 'Object Repository/Login_Page/Login_Page_Objects/Input_Username'

2023-10-31 15:49:07 - [TEST_STEP][PASSED] - selectOptionByValue(findTestObject("Login_Page/Login_Page_Objects/Select_Role"), Role, false): All options with value 'Senior' are selected in object 'Object Repository/Login_Page/Login_Page_Objects/Select_Role' 

2023-10-31 15:49:08 - [MESSAGE][PASSED] - All options with value 'Senior' are selected in object 'Object Repository/Login_Page/Login_Page_Objects/Select_Role' 

2023-10-31 15:49:08 - [TEST_STEP][PASSED] - setText(findTestObject("Login_Page/Login_Page_Objects/Input_Email"), Email): Text 'kanchan55@gmail.com' is set on object 'Object Repository/Login_Page/Login_Page_Objects/Input_Email'

2023-10-31 15:49:09 - [MESSAGE][PASSED] - Text 'kanchan55@gmail.com' is set on object 'Object Repository/Login_Page/Login_Page_Objects/Input_Email'

2023-10-31 15:49:09 - [TEST_STEP][PASSED] - click(findTestObject("Login_Page/Login_Page_Objects/btn_Get Started")): Object: 'Object Repository/Login_Page/Login_Page_Objects/btn_Get Started' is clicked on

2023-10-31 15:49:09 - [MESSAGE][PASSED] - Object: 'Object Repository/Login_Page/Login_Page_Objects/btn_Get Started' is clicked on

2023-10-31 15:49:09 - [TEST_STEP][PASSED] - verifyElementPresent(findTestObject("Object Repository/Profile_Creation_Page/Profile_Creation_Page_Objects/txt_p3_Expectations_From_Companion"), 0): Object 'Object Repository/Profile_Creation_Page/Profile_Creation_Page_Objects/txt_p3_Expectations_From_Companion' is present

2023-10-31 15:49:09 - [MESSAGE][WARNING] - Timeout '0' is invalid. Using default page load timeout: '30'

2023-10-31 15:49:11 - [MESSAGE][PASSED] - Object 'Object Repository/Profile_Creation_Page/Profile_Creation_Page_Objects/txt_p3_Expectations_From_Companion' is present

2023-10-31 15:49:11 - [TEST_STEP][PASSED] - delay(40): Delayed 40 second(s)

2023-10-31 15:49:51 - [MESSAGE][PASSED] - Delayed 40 second(s)

2023-10-31 15:49:51 - [TEST_STEP][PASSED] - click(findTestObject("Profile_Creation_Page/Profile_Creation_Page_Objects/btn_I_Want_To_Type")): Object: 'Object Repository/Profile_Creation_Page/Profile_Creation_Page_Objects/btn_I_Want_To_Type' is clicked on

2023-10-31 15:50:22 - [MESSAGE][INFO] - Unable to find the element located by 'By.xpath: //button[(text() = ' I want to type')]'. Please recheck the objects properties to make sure the desired element is located. 

2023-10-31 15:50:22 - [MESSAGE][WARNING] - [SELF-HEALING] Failed to find element with id 'Object Repository/Profile_Creation_Page/Profile_Creation_Page_Objects/btn_I_Want_To_Type'. Try using Self-healing.

2023-10-31 15:50:23 - [MESSAGE][WARNING] - [SELF-HEALING] The current locator of test object 'Object Repository/Profile_Creation_Page/Profile_Creation_Page_Objects/btn_I_Want_To_Type' was broken. Propose an alternative one: '//div[@id='root']/div/div/div/div[4]/div/div[2]/button'.

2023-10-31 15:50:23 - [MESSAGE][PASSED] - Object: 'Object Repository/Profile_Creation_Page/Profile_Creation_Page_Objects/btn_I_Want_To_Type' is clicked on

2023-10-31 15:50:23 - [TEST_STEP][PASSED] - delay(5): Delayed 5 second(s)

2023-10-31 15:50:28 - [MESSAGE][PASSED] - Delayed 5 second(s)

2023-10-31 15:50:28 - [TEST_STEP][PASSED] - setText(findTestObject("Profile_Creation_Page/Profile_Creation_Page_Objects/Input_I_Want_To_Type"), Profile): Text 'Greetings, I'm Kanchan , a seasoned explorer in the journey of life, joyfully celebrating my 55 years of existence. With a background in literature, I dedicated decades to exploring the rich world of words and stories. Beyond academic pursuits, I find solace in the world of painting, crafting vibrant canvases that express the beauty of the written word. In a companion, I hope to find someone who shares my love for literature and the appreciation for the creative blend of art and storytelling. Health-wise, I've faced challenges with allergies, but with careful management and a balanced lifestyle, I continue to pursue my passions with vigor. Life has been a captivating adventure through the pages of books and art, and I look forward to painting new chapters with a like-minded soul who values the beauty of storytelling and the creativity of artistic expression.' is set on object 'Object Repository/Profile_Creation_Page/Profile_Creation_Page_Objects/Input_I_Want_To_Type'

2023-10-31 15:50:29 - [MESSAGE][PASSED] - Text 'Greetings, I'm Kanchan , a seasoned explorer in the journey of life, joyfully celebrating my 55 years of existence. With a background in literature, I dedicated decades to exploring the rich world of words and stories. Beyond academic pursuits, I find solace in the world of painting, crafting vibrant canvases that express the beauty of the written word. In a companion, I hope to find someone who shares my love for literature and the appreciation for the creative blend of art and storytelling. Health-wise, I've faced challenges with allergies, but with careful management and a balanced lifestyle, I continue to pursue my passions with vigor. Life has been a captivating adventure through the pages of books and art, and I look forward to painting new chapters with a like-minded soul who values the beauty of storytelling and the creativity of artistic expression.' is set on object 'Object Repository/Profile_Creation_Page/Profile_Creation_Page_Objects/Input_I_Want_To_Type'

2023-10-31 15:50:29 - [TEST_STEP][PASSED] - scrollToElement(findTestObject("Object Repository/Profile_Creation_Page/Profile_Creation_Page_Objects/btn_Next"), 0): Scroll to object 'Object Repository/Profile_Creation_Page/Profile_Creation_Page_Objects/btn_Next' successfully

2023-10-31 15:50:29 - [MESSAGE][WARNING] - Timeout '0' is invalid. Using default page load timeout: '30'

2023-10-31 15:50:29 - [MESSAGE][PASSED] - Scroll to object 'Object Repository/Profile_Creation_Page/Profile_Creation_Page_Objects/btn_Next' successfully

2023-10-31 15:50:29 - [TEST_STEP][PASSED] - click(findTestObject("Profile_Creation_Page/Profile_Creation_Page_Objects/btn_Next")): Object: 'Object Repository/Profile_Creation_Page/Profile_Creation_Page_Objects/btn_Next' is clicked on

2023-10-31 15:50:29 - [MESSAGE][PASSED] - Object: 'Object Repository/Profile_Creation_Page/Profile_Creation_Page_Objects/btn_Next' is clicked on

2023-10-31 15:50:29 - [TEST_STEP][PASSED] - delay(12): Delayed 12 second(s)

2023-10-31 15:50:41 - [MESSAGE][PASSED] - Delayed 12 second(s)

2023-10-31 15:50:41 - [TEST_STEP][PASSED] - scrollToElement(findTestObject("Object Repository/Category_View_Page/Category_View_Page_Objects/btn_Save_n_Continue"), 0): Scroll to object 'Object Repository/Category_View_Page/Category_View_Page_Objects/btn_Save_n_Continue' successfully

2023-10-31 15:50:41 - [MESSAGE][WARNING] - Timeout '0' is invalid. Using default page load timeout: '30'

2023-10-31 15:50:57 - [MESSAGE][PASSED] - Scroll to object 'Object Repository/Category_View_Page/Category_View_Page_Objects/btn_Save_n_Continue' successfully

2023-10-31 15:50:57 - [TEST_STEP][PASSED] - click(findTestObject("Object Repository/Category_View_Page/Category_View_Page_Objects/btn_Save_n_Continue")): Object: 'Object Repository/Category_View_Page/Category_View_Page_Objects/btn_Save_n_Continue' is clicked on

2023-10-31 15:50:58 - [MESSAGE][PASSED] - Object: 'Object Repository/Category_View_Page/Category_View_Page_Objects/btn_Save_n_Continue' is clicked on

2023-10-31 15:50:58 - [TEST_STEP][PASSED] - verifyElementPresent(findTestObject("Object Repository/Thankyou_Page/Thankyou_Page_Objects/txt_h1_Thank you"), 0): Object 'Object Repository/Thankyou_Page/Thankyou_Page_Objects/txt_h1_Thank you' is present

2023-10-31 15:50:58 - [MESSAGE][WARNING] - Timeout '0' is invalid. Using default page load timeout: '30'

2023-10-31 15:51:01 - [MESSAGE][PASSED] - Object 'Object Repository/Thankyou_Page/Thankyou_Page_Objects/txt_h1_Thank you' is present

2023-10-31 15:51:01 - [TEST_STEP][PASSED] - closeBrowser(): Browser is closed

2023-10-31 15:51:01 - [MESSAGE][PASSED] - Browser is closed]]></system-out>
         <system-err><![CDATA[]]></system-err>
      </testcase>
      <testcase name="Test Cases/Senior_Sign_up_Type" time="120.667" classname="Test Cases/Senior_Sign_up_Type" status="PASSED">
         <system-out><![CDATA[2023-10-31 15:51:01 - [TEST_CASE][PASSED] - Test Cases/Senior_Sign_up_Type: Test Cases/Senior_Sign_up_Type

2023-10-31 15:51:01 - [TEST_STEP][PASSED] - openBrowser("https://caring-connections-qa.azurewebsites.net/"): Browser is opened with url: 'https://caring-connections-qa.azurewebsites.net/'

2023-10-31 15:51:01 - [MESSAGE][INFO] - Starting 'Chrome' driver

2023-10-31 15:51:01 - [MESSAGE][INFO] - Action delay is set to 0 milliseconds

2023-10-31 15:51:05 - [MESSAGE][PASSED] - Browser is opened with url: 'https://caring-connections-qa.azurewebsites.net/'

2023-10-31 15:51:05 - [TEST_STEP][PASSED] - setText(findTestObject("Login_Page/Login_Page_Objects/Input_Username"), UserName): Text 'Harsh' is set on object 'Object Repository/Login_Page/Login_Page_Objects/Input_Username'

2023-10-31 15:51:06 - [MESSAGE][PASSED] - Text 'Harsh' is set on object 'Object Repository/Login_Page/Login_Page_Objects/Input_Username'

2023-10-31 15:51:06 - [TEST_STEP][PASSED] - selectOptionByValue(findTestObject("Login_Page/Login_Page_Objects/Select_Role"), Role, false): All options with value 'Senior' are selected in object 'Object Repository/Login_Page/Login_Page_Objects/Select_Role' 

2023-10-31 15:51:06 - [MESSAGE][PASSED] - All options with value 'Senior' are selected in object 'Object Repository/Login_Page/Login_Page_Objects/Select_Role' 

2023-10-31 15:51:06 - [TEST_STEP][PASSED] - setText(findTestObject("Login_Page/Login_Page_Objects/Input_Email"), Email): Text 'harsh55@gmail.com' is set on object 'Object Repository/Login_Page/Login_Page_Objects/Input_Email'

2023-10-31 15:51:07 - [MESSAGE][PASSED] - Text 'harsh55@gmail.com' is set on object 'Object Repository/Login_Page/Login_Page_Objects/Input_Email'

2023-10-31 15:51:07 - [TEST_STEP][PASSED] - click(findTestObject("Login_Page/Login_Page_Objects/btn_Get Started")): Object: 'Object Repository/Login_Page/Login_Page_Objects/btn_Get Started' is clicked on

2023-10-31 15:51:07 - [MESSAGE][PASSED] - Object: 'Object Repository/Login_Page/Login_Page_Objects/btn_Get Started' is clicked on

2023-10-31 15:51:07 - [TEST_STEP][PASSED] - verifyElementPresent(findTestObject("Object Repository/Profile_Creation_Page/Profile_Creation_Page_Objects/txt_p3_Expectations_From_Companion"), 0): Object 'Object Repository/Profile_Creation_Page/Profile_Creation_Page_Objects/txt_p3_Expectations_From_Companion' is present

2023-10-31 15:51:07 - [MESSAGE][WARNING] - Timeout '0' is invalid. Using default page load timeout: '30'

2023-10-31 15:51:09 - [MESSAGE][PASSED] - Object 'Object Repository/Profile_Creation_Page/Profile_Creation_Page_Objects/txt_p3_Expectations_From_Companion' is present

2023-10-31 15:51:09 - [TEST_STEP][PASSED] - delay(40): Delayed 40 second(s)

2023-10-31 15:51:49 - [MESSAGE][PASSED] - Delayed 40 second(s)

2023-10-31 15:51:49 - [TEST_STEP][PASSED] - click(findTestObject("Profile_Creation_Page/Profile_Creation_Page_Objects/btn_I_Want_To_Type")): Object: 'Object Repository/Profile_Creation_Page/Profile_Creation_Page_Objects/btn_I_Want_To_Type' is clicked on

2023-10-31 15:52:20 - [MESSAGE][INFO] - Unable to find the element located by 'By.xpath: //button[(text() = ' I want to type')]'. Please recheck the objects properties to make sure the desired element is located. 

2023-10-31 15:52:20 - [MESSAGE][WARNING] - [SELF-HEALING] Failed to find element with id 'Object Repository/Profile_Creation_Page/Profile_Creation_Page_Objects/btn_I_Want_To_Type'. Try using Self-healing.

2023-10-31 15:52:21 - [MESSAGE][WARNING] - [SELF-HEALING] The current locator of test object 'Object Repository/Profile_Creation_Page/Profile_Creation_Page_Objects/btn_I_Want_To_Type' was broken. Propose an alternative one: '//div[@id='root']/div/div/div/div[4]/div/div[2]/button'.

2023-10-31 15:52:21 - [MESSAGE][PASSED] - Object: 'Object Repository/Profile_Creation_Page/Profile_Creation_Page_Objects/btn_I_Want_To_Type' is clicked on

2023-10-31 15:52:21 - [TEST_STEP][PASSED] - delay(5): Delayed 5 second(s)

2023-10-31 15:52:26 - [MESSAGE][PASSED] - Delayed 5 second(s)

2023-10-31 15:52:26 - [TEST_STEP][PASSED] - setText(findTestObject("Profile_Creation_Page/Profile_Creation_Page_Objects/Input_I_Want_To_Type"), Profile): Text 'Greetings, I'm Harsh, a seasoned explorer in the journey of life, joyfully celebrating my 57 years of existence. With a background in environmental science, I dedicated decades to understanding and preserving the natural world. Beyond scientific pursuits, I find solace in the world of pottery, shaping clay into intricate forms, and the therapeutic art of cooking. In a companion, I seek someone who shares my passion for environmental conservation and has an appreciation for the creative blend of artistry and sustainable living. Health-wise, I've faced challenges with asthma, but with careful management and regular breathing exercises, I continue to pursue my passions with vigor.' is set on object 'Object Repository/Profile_Creation_Page/Profile_Creation_Page_Objects/Input_I_Want_To_Type'

2023-10-31 15:52:27 - [MESSAGE][PASSED] - Text 'Greetings, I'm Harsh, a seasoned explorer in the journey of life, joyfully celebrating my 57 years of existence. With a background in environmental science, I dedicated decades to understanding and preserving the natural world. Beyond scientific pursuits, I find solace in the world of pottery, shaping clay into intricate forms, and the therapeutic art of cooking. In a companion, I seek someone who shares my passion for environmental conservation and has an appreciation for the creative blend of artistry and sustainable living. Health-wise, I've faced challenges with asthma, but with careful management and regular breathing exercises, I continue to pursue my passions with vigor.' is set on object 'Object Repository/Profile_Creation_Page/Profile_Creation_Page_Objects/Input_I_Want_To_Type'

2023-10-31 15:52:27 - [TEST_STEP][PASSED] - scrollToElement(findTestObject("Object Repository/Profile_Creation_Page/Profile_Creation_Page_Objects/btn_Next"), 0): Scroll to object 'Object Repository/Profile_Creation_Page/Profile_Creation_Page_Objects/btn_Next' successfully

2023-10-31 15:52:27 - [MESSAGE][WARNING] - Timeout '0' is invalid. Using default page load timeout: '30'

2023-10-31 15:52:27 - [MESSAGE][PASSED] - Scroll to object 'Object Repository/Profile_Creation_Page/Profile_Creation_Page_Objects/btn_Next' successfully

2023-10-31 15:52:27 - [TEST_STEP][PASSED] - click(findTestObject("Profile_Creation_Page/Profile_Creation_Page_Objects/btn_Next")): Object: 'Object Repository/Profile_Creation_Page/Profile_Creation_Page_Objects/btn_Next' is clicked on

2023-10-31 15:52:27 - [MESSAGE][PASSED] - Object: 'Object Repository/Profile_Creation_Page/Profile_Creation_Page_Objects/btn_Next' is clicked on

2023-10-31 15:52:27 - [TEST_STEP][PASSED] - delay(12): Delayed 12 second(s)

2023-10-31 15:52:39 - [MESSAGE][PASSED] - Delayed 12 second(s)

2023-10-31 15:52:39 - [TEST_STEP][PASSED] - scrollToElement(findTestObject("Object Repository/Category_View_Page/Category_View_Page_Objects/btn_Save_n_Continue"), 0): Scroll to object 'Object Repository/Category_View_Page/Category_View_Page_Objects/btn_Save_n_Continue' successfully

2023-10-31 15:52:39 - [MESSAGE][WARNING] - Timeout '0' is invalid. Using default page load timeout: '30'

2023-10-31 15:52:56 - [MESSAGE][PASSED] - Scroll to object 'Object Repository/Category_View_Page/Category_View_Page_Objects/btn_Save_n_Continue' successfully

2023-10-31 15:52:56 - [TEST_STEP][PASSED] - click(findTestObject("Object Repository/Category_View_Page/Category_View_Page_Objects/btn_Save_n_Continue")): Object: 'Object Repository/Category_View_Page/Category_View_Page_Objects/btn_Save_n_Continue' is clicked on

2023-10-31 15:52:58 - [MESSAGE][PASSED] - Object: 'Object Repository/Category_View_Page/Category_View_Page_Objects/btn_Save_n_Continue' is clicked on

2023-10-31 15:52:58 - [TEST_STEP][PASSED] - verifyElementPresent(findTestObject("Object Repository/Thankyou_Page/Thankyou_Page_Objects/txt_h1_Thank you"), 0): Object 'Object Repository/Thankyou_Page/Thankyou_Page_Objects/txt_h1_Thank you' is present

2023-10-31 15:52:58 - [MESSAGE][WARNING] - Timeout '0' is invalid. Using default page load timeout: '30'

2023-10-31 15:53:01 - [MESSAGE][PASSED] - Object 'Object Repository/Thankyou_Page/Thankyou_Page_Objects/txt_h1_Thank you' is present

2023-10-31 15:53:01 - [TEST_STEP][PASSED] - closeBrowser(): Browser is closed

2023-10-31 15:53:02 - [MESSAGE][PASSED] - Browser is closed]]></system-out>
         <system-err><![CDATA[]]></system-err>
      </testcase>
      <system-out><![CDATA[2023-10-31 15:44:37 - [TEST_SUITE][FAILED] - Senior_Sign_Up_Type: Test Cases/Senior_Sign_up_Type FAILED.
Reason:
com.kms.katalon.core.exception.StepFailedException: Unable to select option by value 'Senior ' of object 'Object Repository/Login_Page/Login_Page_Objects/Select_Role' 
	at com.kms.katalon.core.webui.keyword.internal.WebUIKeywordMain.stepFailed(WebUIKeywordMain.groovy:64)
	at com.kms.katalon.core.webui.keyword.internal.WebUIKeywordMain.runKeyword(WebUIKeywordMain.groovy:26)
	at com.kms.katalon.core.webui.keyword.builtin.SelectOptionByValueKeyword.selectOptionByValue(SelectOptionByValueKeyword.groovy:99)
	at com.kms.katalon.core.webui.keyword.builtin.SelectOptionByValueKeyword.execute(SelectOptionByValueKeyword.groovy:71)
	at com.kms.katalon.core.keyword.internal.KeywordExecutor.executeKeywordForPlatform(KeywordExecutor.groovy:74)
	at com.kms.katalon.core.webui.keyword.WebUiBuiltInKeywords.selectOptionByValue(WebUiBuiltInKeywords.groovy:1168)
	at com.kms.katalon.core.webui.keyword.WebUiBuiltInKeywords$selectOptionByValue$1.call(Unknown Source)
	at Senior_Sign_up_Type.run(Senior_Sign_up_Type:27)
	at com.kms.katalon.core.main.ScriptEngine.run(ScriptEngine.java:194)
	at com.kms.katalon.core.main.ScriptEngine.runScriptAsRawText(ScriptEngine.java:119)
	at com.kms.katalon.core.main.TestCaseExecutor.runScript(TestCaseExecutor.java:448)
	at com.kms.katalon.core.main.TestCaseExecutor.doExecute(TestCaseExecutor.java:439)
	at com.kms.katalon.core.main.TestCaseExecutor.processExecutionPhase(TestCaseExecutor.java:418)
	at com.kms.katalon.core.main.TestCaseExecutor.accessMainPhase(TestCaseExecutor.java:410)
	at com.kms.katalon.core.main.TestCaseExecutor.execute(TestCaseExecutor.java:285)
	at com.kms.katalon.core.common.CommonExecutor.accessTestCaseMainPhase(CommonExecutor.java:65)
	at com.kms.katalon.core.main.TestSuiteExecutor.accessTestSuiteMainPhase(TestSuiteExecutor.java:148)
	at com.kms.katalon.core.main.TestSuiteExecutor.execute(TestSuiteExecutor.java:106)
	at com.kms.katalon.core.main.TestCaseMain.startTestSuite(TestCaseMain.java:187)
	at com.kms.katalon.core.main.TestCaseMain$startTestSuite$0.call(Unknown Source)
	at TempTestSuite1698747275326.run(TempTestSuite1698747275326.groovy:36)
Caused by: org.openqa.selenium.NoSuchElementException: Cannot locate option with value: Senior 
For documentation on this error, please visit: https://www.seleniumhq.org/exceptions/no_such_element.html
Build info: version: '3.141.59', revision: 'e82be7d358', time: '2018-11-14T08:25:53'
System info: host: 'LININDAUG23-266', ip: '192.168.1.7', os.name: 'Windows 11', os.arch: 'amd64', os.version: '10.0', java.version: '1.8.0_362'
Driver info: driver.version: unknown
	at org.openqa.selenium.support.ui.Select.findOptionsByValue(Select.java:283)
	at org.openqa.selenium.support.ui.Select.selectByValue(Select.java:186)
	at com.kms.katalon.core.webui.common.WebUiCommonHelper.selectOrDeselectOptionsByValue(WebUiCommonHelper.java:266)
	at com.kms.katalon.core.webui.keyword.builtin.SelectOptionByValueKeyword$_selectOptionByValue_closure1.doCall(SelectOptionByValueKeyword.groovy:88)
	at com.kms.katalon.core.webui.keyword.builtin.SelectOptionByValueKeyword$_selectOptionByValue_closure1.call(SelectOptionByValueKeyword.groovy)
	at com.kms.katalon.core.webui.keyword.internal.WebUIKeywordMain.runKeyword(WebUIKeywordMain.groovy:20)
	... 19 more]]></system-out>
      <system-err><![CDATA[2023-10-31 15:44:37 - [TEST_SUITE][FAILED] - Senior_Sign_Up_Type: Test Cases/Senior_Sign_up_Type FAILED.
Reason:
com.kms.katalon.core.exception.StepFailedException: Unable to select option by value 'Senior ' of object 'Object Repository/Login_Page/Login_Page_Objects/Select_Role' 
	at com.kms.katalon.core.webui.keyword.internal.WebUIKeywordMain.stepFailed(WebUIKeywordMain.groovy:64)
	at com.kms.katalon.core.webui.keyword.internal.WebUIKeywordMain.runKeyword(WebUIKeywordMain.groovy:26)
	at com.kms.katalon.core.webui.keyword.builtin.SelectOptionByValueKeyword.selectOptionByValue(SelectOptionByValueKeyword.groovy:99)
	at com.kms.katalon.core.webui.keyword.builtin.SelectOptionByValueKeyword.execute(SelectOptionByValueKeyword.groovy:71)
	at com.kms.katalon.core.keyword.internal.KeywordExecutor.executeKeywordForPlatform(KeywordExecutor.groovy:74)
	at com.kms.katalon.core.webui.keyword.WebUiBuiltInKeywords.selectOptionByValue(WebUiBuiltInKeywords.groovy:1168)
	at com.kms.katalon.core.webui.keyword.WebUiBuiltInKeywords$selectOptionByValue$1.call(Unknown Source)
	at Senior_Sign_up_Type.run(Senior_Sign_up_Type:27)
	at com.kms.katalon.core.main.ScriptEngine.run(ScriptEngine.java:194)
	at com.kms.katalon.core.main.ScriptEngine.runScriptAsRawText(ScriptEngine.java:119)
	at com.kms.katalon.core.main.TestCaseExecutor.runScript(TestCaseExecutor.java:448)
	at com.kms.katalon.core.main.TestCaseExecutor.doExecute(TestCaseExecutor.java:439)
	at com.kms.katalon.core.main.TestCaseExecutor.processExecutionPhase(TestCaseExecutor.java:418)
	at com.kms.katalon.core.main.TestCaseExecutor.accessMainPhase(TestCaseExecutor.java:410)
	at com.kms.katalon.core.main.TestCaseExecutor.execute(TestCaseExecutor.java:285)
	at com.kms.katalon.core.common.CommonExecutor.accessTestCaseMainPhase(CommonExecutor.java:65)
	at com.kms.katalon.core.main.TestSuiteExecutor.accessTestSuiteMainPhase(TestSuiteExecutor.java:148)
	at com.kms.katalon.core.main.TestSuiteExecutor.execute(TestSuiteExecutor.java:106)
	at com.kms.katalon.core.main.TestCaseMain.startTestSuite(TestCaseMain.java:187)
	at com.kms.katalon.core.main.TestCaseMain$startTestSuite$0.call(Unknown Source)
	at TempTestSuite1698747275326.run(TempTestSuite1698747275326.groovy:36)
Caused by: org.openqa.selenium.NoSuchElementException: Cannot locate option with value: Senior 
For documentation on this error, please visit: https://www.seleniumhq.org/exceptions/no_such_element.html
Build info: version: '3.141.59', revision: 'e82be7d358', time: '2018-11-14T08:25:53'
System info: host: 'LININDAUG23-266', ip: '192.168.1.7', os.name: 'Windows 11', os.arch: 'amd64', os.version: '10.0', java.version: '1.8.0_362'
Driver info: driver.version: unknown
	at org.openqa.selenium.support.ui.Select.findOptionsByValue(Select.java:283)
	at org.openqa.selenium.support.ui.Select.selectByValue(Select.java:186)
	at com.kms.katalon.core.webui.common.WebUiCommonHelper.selectOrDeselectOptionsByValue(WebUiCommonHelper.java:266)
	at com.kms.katalon.core.webui.keyword.builtin.SelectOptionByValueKeyword$_selectOptionByValue_closure1.doCall(SelectOptionByValueKeyword.groovy:88)
	at com.kms.katalon.core.webui.keyword.builtin.SelectOptionByValueKeyword$_selectOptionByValue_closure1.call(SelectOptionByValueKeyword.groovy)
	at com.kms.katalon.core.webui.keyword.internal.WebUIKeywordMain.runKeyword(WebUIKeywordMain.groovy:20)
	... 19 more]]></system-err>
   </testsuite>
</testsuites>
